#-----------------------------------------------------------
# Vivado v2024.2 (64-bit)
# SW Build 5239630 on Fri Nov 08 22:35:27 MST 2024
# IP Build 5239520 on Sun Nov 10 16:12:51 MST 2024
# SharedData Build 5239561 on Fri Nov 08 14:39:27 MST 2024
# Start of session at: Mon Jul 28 12:55:38 2025
# Process ID         : 11840
# Current directory  : C:/Users/DELL/arm_CPU_32bit
# Command line       : vivado.exe -gui_launcher_event rodinguilauncherevent24344 C:\Users\DELL\arm_CPU_32bit\arm_CPU_32bit.xpr
# Log file           : C:/Users/DELL/arm_CPU_32bit/vivado.log
# Journal file       : C:/Users/DELL/arm_CPU_32bit\vivado.jou
# Running On         : RAM
# Platform           : Windows Server 2016 or Windows 10
# Operating System   : 26200
# Processor Detail   : Intel(R) Core(TM) i5-1035G1 CPU @ 1.00GHz
# CPU Frequency      : 1190 MHz
# CPU Physical cores : 4
# CPU Logical cores  : 8
# Host memory        : 8345 MB
# Swap memory        : 12348 MB
# Total Virtual      : 20693 MB
# Available Virtual  : 6226 MB
#-----------------------------------------------------------
start_gui
open_project C:/Users/DELL/arm_CPU_32bit/arm_CPU_32bit.xpr
INFO: [filemgmt 56-3] Default IP Output Path : Could not find the directory 'C:/Users/DELL/arm_CPU_32bit/arm_CPU_32bit.gen/sources_1'.
Scanning sources...
Finished scanning sources
INFO: [IP_Flow 19-234] Refreshing IP repositories
INFO: [IP_Flow 19-1704] No user IP repositories specified
INFO: [IP_Flow 19-2313] Loaded Vivado IP repository 'C:/Xilinx/Vivado/2024.2/data/ip'.
open_project: Time (s): cpu = 00:00:24 ; elapsed = 00:00:10 . Memory (MB): peak = 1155.680 ; gain = 103.785
exit
INFO: [Common 17-206] Exiting Vivado at Mon Jul 28 12:57:13 2025...
