
*** Running vivado
    with args -log top.vds -m64 -product Vivado -mode batch -messageDb vivado.pb -notrace -source top.tcl



****** Vivado v2024.2 (64-bit)
  **** SW Build 5239630 on Fri Nov 08 22:35:27 MST 2024
  **** IP Build 5239520 on Sun Nov 10 16:12:51 MST 2024
  **** SharedData Build 5239561 on Fri Nov 08 14:39:27 MST 2024
  **** Start of session at: Thu Aug 28 14:38:01 2025
    ** Copyright 1986-2022 Xilinx, Inc. All Rights Reserved.
    ** Copyright 2022-2024 Advanced Micro Devices, Inc. All Rights Reserved.

source top.tcl -notrace
create_project: Time (s): cpu = 00:00:02 ; elapsed = 00:00:05 . Memory (MB): peak = 325.570 ; gain = 45.641
Command: read_checkpoint -auto_incremental -incremental C:/Users/DELL/arm_CPU_32bit/arm_CPU_32bit.srcs/utils_1/imports/synth_1/top.dcp
INFO: [Vivado 12-5825] Read reference checkpoint from C:/Users/DELL/arm_CPU_32bit/arm_CPU_32bit.srcs/utils_1/imports/synth_1/top.dcp for incremental synthesis
INFO: [Vivado 12-7989] Please ensure there are no constraint changes
Command: synth_design -top top -part xc7a100tcsg324-1
Starting synth_design
Attempting to get a license for feature 'Synthesis' and/or device 'xc7a100t'
INFO: [Common 17-349] Got license for feature 'Synthesis' and/or device 'xc7a100t'
INFO: [Device 21-403] Loading part xc7a100tcsg324-1
INFO: [Designutils 20-5440] No compile time benefit to using incremental synthesis; A full resynthesis will be run
INFO: [Designutils 20-4379] Flow is switching to default flow due to incremental criteria not met. If you would like to alter this behaviour and have the flow terminate instead, please set the following parameter config_implementation {autoIncr.Synth.RejectBehavior Terminate}
INFO: [Synth 8-7079] Multithreading enabled for synth_design using a maximum of 2 processes.
INFO: [Synth 8-7078] Launching helper process for spawning children vivado processes
INFO: [Synth 8-7075] Helper process launched with PID 3208
---------------------------------------------------------------------------------
Starting RTL Elaboration : Time (s): cpu = 00:00:07 ; elapsed = 00:00:17 . Memory (MB): peak = 1011.656 ; gain = 468.641
---------------------------------------------------------------------------------
WARNING: [Synth 8-11121] redeclaration of ANSI port 'alu_result' is not allowed [C:/Users/DELL/arm_CPU_32bit/arm_CPU_32bit.srcs/sources_1/new/data_path_.v:31]
INFO: [Synth 8-6157] synthesizing module 'top' [C:/Users/DELL/arm_CPU_32bit/arm_CPU_32bit.srcs/sources_1/new/top.v:23]
INFO: [Synth 8-6157] synthesizing module 'CPU' [C:/Users/DELL/arm_CPU_32bit/arm_CPU_32bit.srcs/sources_1/new/CPU.v:23]
INFO: [Synth 8-6157] synthesizing module 'data_path_' [C:/Users/DELL/arm_CPU_32bit/arm_CPU_32bit.srcs/sources_1/new/data_path_.v:23]
INFO: [Synth 8-6157] synthesizing module 'mux2' [C:/Users/DELL/arm_CPU_32bit/arm_CPU_32bit.srcs/sources_1/new/mux2.v:23]
	Parameter width bound to: 32 - type: integer 
INFO: [Synth 8-6155] done synthesizing module 'mux2' (0#1) [C:/Users/DELL/arm_CPU_32bit/arm_CPU_32bit.srcs/sources_1/new/mux2.v:23]
INFO: [Synth 8-6157] synthesizing module 'flop' [C:/Users/DELL/arm_CPU_32bit/arm_CPU_32bit.srcs/sources_1/new/flop.v:23]
INFO: [Synth 8-6155] done synthesizing module 'flop' (0#1) [C:/Users/DELL/arm_CPU_32bit/arm_CPU_32bit.srcs/sources_1/new/flop.v:23]
INFO: [Synth 8-6157] synthesizing module 'adder' [C:/Users/DELL/arm_CPU_32bit/arm_CPU_32bit.srcs/sources_1/new/adder.v:23]
INFO: [Synth 8-6155] done synthesizing module 'adder' (0#1) [C:/Users/DELL/arm_CPU_32bit/arm_CPU_32bit.srcs/sources_1/new/adder.v:23]
INFO: [Synth 8-6157] synthesizing module 'mux2__parameterized0' [C:/Users/DELL/arm_CPU_32bit/arm_CPU_32bit.srcs/sources_1/new/mux2.v:23]
	Parameter width bound to: 4 - type: integer 
INFO: [Synth 8-6155] done synthesizing module 'mux2__parameterized0' (0#1) [C:/Users/DELL/arm_CPU_32bit/arm_CPU_32bit.srcs/sources_1/new/mux2.v:23]
INFO: [Synth 8-6157] synthesizing module 'regfile' [C:/Users/DELL/arm_CPU_32bit/arm_CPU_32bit.srcs/sources_1/new/regfile.v:23]
INFO: [Synth 8-6155] done synthesizing module 'regfile' (0#1) [C:/Users/DELL/arm_CPU_32bit/arm_CPU_32bit.srcs/sources_1/new/regfile.v:23]
INFO: [Synth 8-6157] synthesizing module 'extender' [C:/Users/DELL/arm_CPU_32bit/arm_CPU_32bit.srcs/sources_1/new/extender.v:23]
INFO: [Synth 8-6155] done synthesizing module 'extender' (0#1) [C:/Users/DELL/arm_CPU_32bit/arm_CPU_32bit.srcs/sources_1/new/extender.v:23]
INFO: [Synth 8-6157] synthesizing module 'alu' [C:/Users/DELL/arm_CPU_32bit/arm_CPU_32bit.srcs/sources_1/new/alu.v:23]
INFO: [Synth 8-226] default block is never used [C:/Users/DELL/arm_CPU_32bit/arm_CPU_32bit.srcs/sources_1/new/alu.v:35]
INFO: [Synth 8-6155] done synthesizing module 'alu' (0#1) [C:/Users/DELL/arm_CPU_32bit/arm_CPU_32bit.srcs/sources_1/new/alu.v:23]
INFO: [Synth 8-6155] done synthesizing module 'data_path_' (0#1) [C:/Users/DELL/arm_CPU_32bit/arm_CPU_32bit.srcs/sources_1/new/data_path_.v:23]
INFO: [Synth 8-6157] synthesizing module 'controller' [C:/Users/DELL/arm_CPU_32bit/arm_CPU_32bit.srcs/sources_1/new/controller.v:23]
INFO: [Synth 8-6157] synthesizing module 'decoder' [C:/Users/DELL/arm_CPU_32bit/arm_CPU_32bit.srcs/sources_1/new/decoder.v:23]
INFO: [Synth 8-6155] done synthesizing module 'decoder' (0#1) [C:/Users/DELL/arm_CPU_32bit/arm_CPU_32bit.srcs/sources_1/new/decoder.v:23]
INFO: [Synth 8-6157] synthesizing module 'conditional_logic' [C:/Users/DELL/arm_CPU_32bit/arm_CPU_32bit.srcs/sources_1/new/conditional_logic.v:22]
INFO: [Synth 8-6157] synthesizing module 'ff_2bit' [C:/Users/DELL/arm_CPU_32bit/arm_CPU_32bit.srcs/sources_1/new/conditional_logic.v:74]
INFO: [Synth 8-6155] done synthesizing module 'ff_2bit' (0#1) [C:/Users/DELL/arm_CPU_32bit/arm_CPU_32bit.srcs/sources_1/new/conditional_logic.v:74]
INFO: [Synth 8-6157] synthesizing module 'cond_checker' [C:/Users/DELL/arm_CPU_32bit/arm_CPU_32bit.srcs/sources_1/new/conditional_logic.v:42]
INFO: [Synth 8-6155] done synthesizing module 'cond_checker' (0#1) [C:/Users/DELL/arm_CPU_32bit/arm_CPU_32bit.srcs/sources_1/new/conditional_logic.v:42]
INFO: [Synth 8-6155] done synthesizing module 'conditional_logic' (0#1) [C:/Users/DELL/arm_CPU_32bit/arm_CPU_32bit.srcs/sources_1/new/conditional_logic.v:22]
INFO: [Synth 8-6155] done synthesizing module 'controller' (0#1) [C:/Users/DELL/arm_CPU_32bit/arm_CPU_32bit.srcs/sources_1/new/controller.v:23]
INFO: [Synth 8-6155] done synthesizing module 'CPU' (0#1) [C:/Users/DELL/arm_CPU_32bit/arm_CPU_32bit.srcs/sources_1/new/CPU.v:23]
INFO: [Synth 8-6157] synthesizing module 'data_mem' [C:/Users/DELL/arm_CPU_32bit/arm_CPU_32bit.srcs/sources_1/new/data_mem.v:23]
INFO: [Synth 8-6155] done synthesizing module 'data_mem' (0#1) [C:/Users/DELL/arm_CPU_32bit/arm_CPU_32bit.srcs/sources_1/new/data_mem.v:23]
INFO: [Synth 8-6157] synthesizing module 'instr_mem' [C:/Users/DELL/arm_CPU_32bit/arm_CPU_32bit.srcs/sources_1/new/instr_mem.v:23]
INFO: [Synth 8-3876] $readmem data file 'memfile.data' is read successfully [C:/Users/DELL/arm_CPU_32bit/arm_CPU_32bit.srcs/sources_1/new/instr_mem.v:29]
INFO: [Synth 8-6155] done synthesizing module 'instr_mem' (0#1) [C:/Users/DELL/arm_CPU_32bit/arm_CPU_32bit.srcs/sources_1/new/instr_mem.v:23]
INFO: [Synth 8-6155] done synthesizing module 'top' (0#1) [C:/Users/DELL/arm_CPU_32bit/arm_CPU_32bit.srcs/sources_1/new/top.v:23]
WARNING: [Synth 8-7129] Port address[1] in module instr_mem is either unconnected or has no load
WARNING: [Synth 8-7129] Port address[0] in module instr_mem is either unconnected or has no load
WARNING: [Synth 8-7129] Port address[1] in module data_mem is either unconnected or has no load
WARNING: [Synth 8-7129] Port address[0] in module data_mem is either unconnected or has no load
WARNING: [Synth 8-7129] Port instr[19] in module controller is either unconnected or has no load
WARNING: [Synth 8-7129] Port instr[18] in module controller is either unconnected or has no load
WARNING: [Synth 8-7129] Port instr[17] in module controller is either unconnected or has no load
WARNING: [Synth 8-7129] Port instr[16] in module controller is either unconnected or has no load
WARNING: [Synth 8-7129] Port instr[11] in module controller is either unconnected or has no load
WARNING: [Synth 8-7129] Port instr[10] in module controller is either unconnected or has no load
WARNING: [Synth 8-7129] Port instr[9] in module controller is either unconnected or has no load
WARNING: [Synth 8-7129] Port instr[8] in module controller is either unconnected or has no load
WARNING: [Synth 8-7129] Port instr[7] in module controller is either unconnected or has no load
WARNING: [Synth 8-7129] Port instr[6] in module controller is either unconnected or has no load
WARNING: [Synth 8-7129] Port instr[5] in module controller is either unconnected or has no load
WARNING: [Synth 8-7129] Port instr[4] in module controller is either unconnected or has no load
WARNING: [Synth 8-7129] Port instr[3] in module controller is either unconnected or has no load
WARNING: [Synth 8-7129] Port instr[2] in module controller is either unconnected or has no load
WARNING: [Synth 8-7129] Port instr[1] in module controller is either unconnected or has no load
WARNING: [Synth 8-7129] Port instr[0] in module controller is either unconnected or has no load
WARNING: [Synth 8-7129] Port instr[31] in module data_path_ is either unconnected or has no load
WARNING: [Synth 8-7129] Port instr[30] in module data_path_ is either unconnected or has no load
WARNING: [Synth 8-7129] Port instr[29] in module data_path_ is either unconnected or has no load
WARNING: [Synth 8-7129] Port instr[28] in module data_path_ is either unconnected or has no load
WARNING: [Synth 8-7129] Port instr[27] in module data_path_ is either unconnected or has no load
WARNING: [Synth 8-7129] Port instr[26] in module data_path_ is either unconnected or has no load
WARNING: [Synth 8-7129] Port instr[25] in module data_path_ is either unconnected or has no load
WARNING: [Synth 8-7129] Port instr[24] in module data_path_ is either unconnected or has no load
---------------------------------------------------------------------------------
Finished RTL Elaboration : Time (s): cpu = 00:00:09 ; elapsed = 00:00:24 . Memory (MB): peak = 1123.703 ; gain = 580.688
---------------------------------------------------------------------------------
---------------------------------------------------------------------------------
Start Handling Custom Attributes
---------------------------------------------------------------------------------
---------------------------------------------------------------------------------
Finished Handling Custom Attributes : Time (s): cpu = 00:00:09 ; elapsed = 00:00:24 . Memory (MB): peak = 1123.703 ; gain = 580.688
---------------------------------------------------------------------------------
---------------------------------------------------------------------------------
Finished RTL Optimization Phase 1 : Time (s): cpu = 00:00:09 ; elapsed = 00:00:24 . Memory (MB): peak = 1123.703 ; gain = 580.688
---------------------------------------------------------------------------------
Netlist sorting complete. Time (s): cpu = 00:00:00 ; elapsed = 00:00:00.026 . Memory (MB): peak = 1123.703 ; gain = 0.000
INFO: [Project 1-570] Preparing netlist for logic optimization

Processing XDC Constraints
Initializing timing engine
Parsing XDC File [C:/Users/DELL/arm_CPU_32bit/arm_CPU_32bit.srcs/constrs_1/new/nexys_A7_arm32_const.xdc]
Finished Parsing XDC File [C:/Users/DELL/arm_CPU_32bit/arm_CPU_32bit.srcs/constrs_1/new/nexys_A7_arm32_const.xdc]
INFO: [Project 1-236] Implementation specific constraints were found while reading constraint file [C:/Users/DELL/arm_CPU_32bit/arm_CPU_32bit.srcs/constrs_1/new/nexys_A7_arm32_const.xdc]. These constraints will be ignored for synthesis but will be used in implementation. Impacted constraints are listed in the file [.Xil/top_propImpl.xdc].
Resolution: To avoid this warning, move constraints listed in [.Xil/top_propImpl.xdc] to another XDC file and exclude this new file from synthesis with the used_in_synthesis property (File Properties dialog in GUI) and re-run elaboration/synthesis.
Completed Processing XDC Constraints

Netlist sorting complete. Time (s): cpu = 00:00:00 ; elapsed = 00:00:00 . Memory (MB): peak = 1212.207 ; gain = 0.000
INFO: [Project 1-111] Unisim Transformation Summary:
No Unisim elements were transformed.

Constraint Validation Runtime : Time (s): cpu = 00:00:00 ; elapsed = 00:00:00.051 . Memory (MB): peak = 1212.207 ; gain = 0.000
INFO: [Designutils 20-5440] No compile time benefit to using incremental synthesis; A full resynthesis will be run
INFO: [Designutils 20-4379] Flow is switching to default flow due to incremental criteria not met. If you would like to alter this behaviour and have the flow terminate instead, please set the following parameter config_implementation {autoIncr.Synth.RejectBehavior Terminate}
---------------------------------------------------------------------------------
Finished Constraint Validation : Time (s): cpu = 00:00:21 ; elapsed = 00:00:39 . Memory (MB): peak = 1212.207 ; gain = 669.191
---------------------------------------------------------------------------------
---------------------------------------------------------------------------------
Start Loading Part and Timing Information
---------------------------------------------------------------------------------
Loading part: xc7a100tcsg324-1
---------------------------------------------------------------------------------
Finished Loading Part and Timing Information : Time (s): cpu = 00:00:21 ; elapsed = 00:00:39 . Memory (MB): peak = 1212.207 ; gain = 669.191
---------------------------------------------------------------------------------
---------------------------------------------------------------------------------
Start Applying 'set_property' XDC Constraints
---------------------------------------------------------------------------------
---------------------------------------------------------------------------------
Finished applying 'set_property' XDC Constraints : Time (s): cpu = 00:00:21 ; elapsed = 00:00:39 . Memory (MB): peak = 1212.207 ; gain = 669.191
---------------------------------------------------------------------------------
---------------------------------------------------------------------------------
Finished RTL Optimization Phase 2 : Time (s): cpu = 00:00:22 ; elapsed = 00:00:41 . Memory (MB): peak = 1212.207 ; gain = 669.191
---------------------------------------------------------------------------------
---------------------------------------------------------------------------------
Start RTL Component Statistics 
---------------------------------------------------------------------------------
Detailed RTL Component Info : 
+---Adders : 
	   3 Input   33 Bit       Adders := 1     
	   2 Input   33 Bit       Adders := 1     
	   2 Input   32 Bit       Adders := 2     
+---XORs : 
	   2 Input      1 Bit         XORs := 1     
+---Registers : 
	               32 Bit    Registers := 65    
	                2 Bit    Registers := 2     
+---RAMs : 
	              480 Bit	(15 X 32 bit)          RAMs := 1     
+---Muxes : 
	   2 Input   32 Bit        Muxes := 5     
	   4 Input   32 Bit        Muxes := 2     
	  24 Input   32 Bit        Muxes := 1     
	   5 Input   10 Bit        Muxes := 1     
	   2 Input    8 Bit        Muxes := 1     
	   2 Input    4 Bit        Muxes := 2     
	   5 Input    2 Bit        Muxes := 1     
	   2 Input    2 Bit        Muxes := 2     
	   4 Input    1 Bit        Muxes := 2     
---------------------------------------------------------------------------------
Finished RTL Component Statistics 
---------------------------------------------------------------------------------
---------------------------------------------------------------------------------
Start Part Resource Summary
---------------------------------------------------------------------------------
Part Resources:
DSPs: 240 (col length:80)
BRAMs: 270 (col length: RAMB18 80 RAMB36 40)
---------------------------------------------------------------------------------
Finished Part Resource Summary
---------------------------------------------------------------------------------
---------------------------------------------------------------------------------
Start Cross Boundary and Area Optimization
---------------------------------------------------------------------------------
WARNING: [Synth 8-7080] Parallel synthesis criteria is not met
WARNING: [Synth 8-7129] Port address[1] in module data_mem is either unconnected or has no load
WARNING: [Synth 8-7129] Port address[0] in module data_mem is either unconnected or has no load
---------------------------------------------------------------------------------
Finished Cross Boundary and Area Optimization : Time (s): cpu = 00:00:30 ; elapsed = 00:00:50 . Memory (MB): peak = 1212.207 ; gain = 669.191
---------------------------------------------------------------------------------
---------------------------------------------------------------------------------
Start ROM, RAM, DSP, Shift Register and Retiming Reporting
---------------------------------------------------------------------------------

Distributed RAM: Preliminary Mapping Report (see note below)
+------------+--------------------------------------+-----------+----------------------+--------------+
|Module Name | RTL Object                           | Inference | Size (Depth x Width) | Primitives   | 
+------------+--------------------------------------+-----------+----------------------+--------------+
|top         | cpu/Data__path/reg_bank/reg_file_reg | Implied   | 16 x 32              | RAM32M x 12  | 
+------------+--------------------------------------+-----------+----------------------+--------------+

Note: The table above is a preliminary report that shows the Distributed RAMs at the current stage of the synthesis flow. Some Distributed RAMs may be reimplemented as non Distributed RAM primitives later in the synthesis flow. Multiple instantiated RAMs are reported only once.
---------------------------------------------------------------------------------
Finished ROM, RAM, DSP, Shift Register and Retiming Reporting
---------------------------------------------------------------------------------
---------------------------------------------------------------------------------
Start Applying XDC Timing Constraints
---------------------------------------------------------------------------------
---------------------------------------------------------------------------------
Finished Applying XDC Timing Constraints : Time (s): cpu = 00:00:38 ; elapsed = 00:00:59 . Memory (MB): peak = 1320.121 ; gain = 777.105
---------------------------------------------------------------------------------
---------------------------------------------------------------------------------
Start Timing Optimization
---------------------------------------------------------------------------------
---------------------------------------------------------------------------------
Finished Timing Optimization : Time (s): cpu = 00:00:42 ; elapsed = 00:01:03 . Memory (MB): peak = 1398.918 ; gain = 855.902
---------------------------------------------------------------------------------
---------------------------------------------------------------------------------
Start ROM, RAM, DSP, Shift Register and Retiming Reporting
---------------------------------------------------------------------------------

Distributed RAM: Final Mapping Report
+------------+--------------------------------------+-----------+----------------------+--------------+
|Module Name | RTL Object                           | Inference | Size (Depth x Width) | Primitives   | 
+------------+--------------------------------------+-----------+----------------------+--------------+
|top         | cpu/Data__path/reg_bank/reg_file_reg | Implied   | 16 x 32              | RAM32M x 12  | 
+------------+--------------------------------------+-----------+----------------------+--------------+

---------------------------------------------------------------------------------
Finished ROM, RAM, DSP, Shift Register and Retiming Reporting
---------------------------------------------------------------------------------
---------------------------------------------------------------------------------
Start Technology Mapping
---------------------------------------------------------------------------------
---------------------------------------------------------------------------------
Finished Technology Mapping : Time (s): cpu = 00:00:43 ; elapsed = 00:01:05 . Memory (MB): peak = 1398.934 ; gain = 855.918
---------------------------------------------------------------------------------
---------------------------------------------------------------------------------
Start IO Insertion
---------------------------------------------------------------------------------
---------------------------------------------------------------------------------
Start Flattening Before IO Insertion
---------------------------------------------------------------------------------
---------------------------------------------------------------------------------
Finished Flattening Before IO Insertion
---------------------------------------------------------------------------------
---------------------------------------------------------------------------------
Start Final Netlist Cleanup
---------------------------------------------------------------------------------
---------------------------------------------------------------------------------
Finished Final Netlist Cleanup
---------------------------------------------------------------------------------
---------------------------------------------------------------------------------
Finished IO Insertion : Time (s): cpu = 00:00:49 ; elapsed = 00:01:10 . Memory (MB): peak = 1567.066 ; gain = 1024.051
---------------------------------------------------------------------------------
---------------------------------------------------------------------------------
Start Renaming Generated Instances
---------------------------------------------------------------------------------
---------------------------------------------------------------------------------
Finished Renaming Generated Instances : Time (s): cpu = 00:00:49 ; elapsed = 00:01:10 . Memory (MB): peak = 1567.066 ; gain = 1024.051
---------------------------------------------------------------------------------
---------------------------------------------------------------------------------
Start Rebuilding User Hierarchy
---------------------------------------------------------------------------------
---------------------------------------------------------------------------------
Finished Rebuilding User Hierarchy : Time (s): cpu = 00:00:49 ; elapsed = 00:01:11 . Memory (MB): peak = 1567.066 ; gain = 1024.051
---------------------------------------------------------------------------------
---------------------------------------------------------------------------------
Start Renaming Generated Ports
---------------------------------------------------------------------------------
---------------------------------------------------------------------------------
Finished Renaming Generated Ports : Time (s): cpu = 00:00:49 ; elapsed = 00:01:11 . Memory (MB): peak = 1567.066 ; gain = 1024.051
---------------------------------------------------------------------------------
---------------------------------------------------------------------------------
Start Handling Custom Attributes
---------------------------------------------------------------------------------
---------------------------------------------------------------------------------
Finished Handling Custom Attributes : Time (s): cpu = 00:00:49 ; elapsed = 00:01:11 . Memory (MB): peak = 1567.066 ; gain = 1024.051
---------------------------------------------------------------------------------
---------------------------------------------------------------------------------
Start Renaming Generated Nets
---------------------------------------------------------------------------------
---------------------------------------------------------------------------------
Finished Renaming Generated Nets : Time (s): cpu = 00:00:49 ; elapsed = 00:01:11 . Memory (MB): peak = 1567.066 ; gain = 1024.051
---------------------------------------------------------------------------------
---------------------------------------------------------------------------------
Start Writing Synthesis Report
---------------------------------------------------------------------------------

Report BlackBoxes: 
+-+--------------+----------+
| |BlackBox name |Instances |
+-+--------------+----------+
+-+--------------+----------+

Report Cell Usage: 
+------+---------+------+
|      |Cell     |Count |
+------+---------+------+
|1     |BUFG     |     1|
|2     |CARRY4   |    32|
|3     |LUT1     |     2|
|4     |LUT2     |    34|
|5     |LUT3     |   153|
|6     |LUT4     |    67|
|7     |LUT5     |    95|
|8     |LUT6     |   699|
|9     |MUXF7    |   256|
|10    |MUXF8    |   128|
|11    |RAM32M   |    10|
|12    |RAM32X1D |     4|
|13    |FDCE     |    32|
|14    |FDRE     |  2051|
|15    |IBUF     |     2|
|16    |OBUF     |    32|
+------+---------+------+
---------------------------------------------------------------------------------
Finished Writing Synthesis Report : Time (s): cpu = 00:00:49 ; elapsed = 00:01:11 . Memory (MB): peak = 1567.066 ; gain = 1024.051
---------------------------------------------------------------------------------
Synthesis finished with 0 errors, 0 critical warnings and 3 warnings.
Synthesis Optimization Runtime : Time (s): cpu = 00:00:37 ; elapsed = 00:01:06 . Memory (MB): peak = 1567.066 ; gain = 935.547
Synthesis Optimization Complete : Time (s): cpu = 00:00:49 ; elapsed = 00:01:11 . Memory (MB): peak = 1567.066 ; gain = 1024.051
INFO: [Project 1-571] Translating synthesized netlist
Netlist sorting complete. Time (s): cpu = 00:00:00 ; elapsed = 00:00:00.052 . Memory (MB): peak = 1570.988 ; gain = 0.000
INFO: [Netlist 29-17] Analyzing 430 Unisim elements for replacement
INFO: [Netlist 29-28] Unisim Transformation completed in 0 CPU seconds
WARNING: [Netlist 29-101] Netlist 'top' is not ideal for floorplanning, since the cellview 'data_mem' contains a large number of primitives.  Please consider enabling hierarchy in synthesis if you want to do floorplanning.
INFO: [Project 1-570] Preparing netlist for logic optimization
INFO: [Opt 31-138] Pushed 0 inverter(s) to 0 load pin(s).
Netlist sorting complete. Time (s): cpu = 00:00:00 ; elapsed = 00:00:00 . Memory (MB): peak = 1574.395 ; gain = 0.000
INFO: [Project 1-111] Unisim Transformation Summary:
  A total of 14 instances were transformed.
  RAM32M => RAM32M (RAMD32(x6), RAMS32(x2)): 10 instances
  RAM32X1D => RAM32X1D (RAMD32(x2)): 4 instances

Synth Design complete | Checksum: 734760b6
INFO: [Common 17-83] Releasing license: Synthesis
57 Infos, 33 Warnings, 0 Critical Warnings and 0 Errors encountered.
synth_design completed successfully
synth_design: Time (s): cpu = 00:00:55 ; elapsed = 00:01:27 . Memory (MB): peak = 1574.395 ; gain = 1237.148
Write ShapeDB Complete: Time (s): cpu = 00:00:00 ; elapsed = 00:00:00.024 . Memory (MB): peak = 1574.395 ; gain = 0.000
INFO: [Common 17-1381] The checkpoint 'C:/Users/DELL/arm_CPU_32bit/arm_CPU_32bit.runs/synth_1/top.dcp' has been generated.
INFO: [Vivado 12-24828] Executing command : report_utilization -file top_utilization_synth.rpt -pb top_utilization_synth.pb
INFO: [Common 17-206] Exiting Vivado at Thu Aug 28 14:40:19 2025...
